[debug] [2021-09-27T11:05:34.913Z] ----------------------------------------------------------------------
[debug] [2021-09-27T11:05:34.915Z] Command:       /home/dell/.nvm/versions/node/v12.22.6/bin/node /home/dell/.nvm/versions/node/v12.22.6/bin/firebase init hosting
[debug] [2021-09-27T11:05:34.915Z] CLI Version:   9.18.0
[debug] [2021-09-27T11:05:34.915Z] Platform:      linux
[debug] [2021-09-27T11:05:34.916Z] Node Version:  v12.22.6
[debug] [2021-09-27T11:05:34.916Z] Time:          Mon Sep 27 2021 16:35:34 GMT+0530 (India Standard Time)
[debug] [2021-09-27T11:05:34.916Z] ----------------------------------------------------------------------
[debug] 
[debug] [2021-09-27T11:05:34.921Z] > command requires scopes: ["email","openid","https://www.googleapis.com/auth/cloudplatformprojects.readonly","https://www.googleapis.com/auth/firebase","https://www.googleapis.com/auth/cloud-platform"]
[debug] [2021-09-27T11:05:34.921Z] > authorizing via signed-in user (saurabhlohiya1234@gmail.com)
[info] 
     ######## #### ########  ######## ########     ###     ######  ########
     ##        ##  ##     ## ##       ##     ##  ##   ##  ##       ##
     ######    ##  ########  ######   ########  #########  ######  ######
     ##        ##  ##    ##  ##       ##     ## ##     ##       ## ##
     ##       #### ##     ## ######## ########  ##     ##  ######  ########

You're about to initialize a Firebase project in this directory:

  /home/dell/Desktop/main/growisto/server-side-rendering

[info] 
=== Project Setup
[info] 
[info] First, let's associate this project directory with a Firebase project.
[info] You can create multiple project aliases by running firebase use --add, 
[info] but for now we'll just set up a default project.
[info] 
[debug] [2021-09-27T11:05:38.746Z] >>> [apiv2][query] GET https://firebase.googleapis.com/v1beta1/availableProjects pageSize=100
[debug] [2021-09-27T11:05:40.163Z] <<< [apiv2][status] GET https://firebase.googleapis.com/v1beta1/availableProjects 200
[debug] [2021-09-27T11:05:40.163Z] <<< [apiv2][body] GET https://firebase.googleapis.com/v1beta1/availableProjects [omitted]
[debug] [2021-09-27T11:05:56.964Z] > refreshing access token with scopes: ["email","https://www.googleapis.com/auth/cloud-platform","https://www.googleapis.com/auth/cloudplatformprojects.readonly","https://www.googleapis.com/auth/firebase","openid"]
[debug] [2021-09-27T11:05:56.964Z] >>> HTTP REQUEST POST https://www.googleapis.com/oauth2/v3/token  
 <request body omitted>
[debug] [2021-09-27T11:05:57.544Z] <<< HTTP RESPONSE 200 {"date":"Mon, 27 Sep 2021 11:05:57 GMT","pragma":"no-cache","expires":"Mon, 01 Jan 1990 00:00:00 GMT","cache-control":"no-cache, no-store, max-age=0, must-revalidate","content-type":"application/json; charset=utf-8","vary":"X-Origin, Referer, Origin,Accept-Encoding","server":"scaffolding on HTTPServer2","x-xss-protection":"0","x-frame-options":"SAMEORIGIN","x-content-type-options":"nosniff","alt-svc":"h3=\":443\"; ma=2592000,h3-29=\":443\"; ma=2592000,h3-T051=\":443\"; ma=2592000,h3-Q050=\":443\"; ma=2592000,h3-Q046=\":443\"; ma=2592000,h3-Q043=\":443\"; ma=2592000,quic=\":443\"; ma=2592000; v=\"46,43\"","accept-ranges":"none","transfer-encoding":"chunked"}
[debug] [2021-09-27T11:05:57.555Z] >>> HTTP REQUEST POST https://firebase.googleapis.com/v1beta1/projects/gleaming-baton-228114:addFirebase  
 
[debug] [2021-09-27T11:06:00.569Z] <<< HTTP RESPONSE 200 {"content-type":"application/json; charset=UTF-8","vary":"X-Origin, Referer, Origin,Accept-Encoding","date":"Mon, 27 Sep 2021 11:06:00 GMT","server":"ESF","cache-control":"private","x-xss-protection":"0","x-frame-options":"SAMEORIGIN","x-content-type-options":"nosniff","alt-svc":"h3=\":443\"; ma=2592000,h3-29=\":443\"; ma=2592000,h3-T051=\":443\"; ma=2592000,h3-Q050=\":443\"; ma=2592000,h3-Q046=\":443\"; ma=2592000,h3-Q043=\":443\"; ma=2592000,quic=\":443\"; ma=2592000; v=\"46,43\"","accept-ranges":"none","transfer-encoding":"chunked"}
[debug] [2021-09-27T11:06:00.571Z] > refreshing access token with scopes: []
[debug] [2021-09-27T11:06:00.571Z] >>> HTTP REQUEST POST https://www.googleapis.com/oauth2/v3/token  
 <request body omitted>
[debug] [2021-09-27T11:06:00.963Z] <<< HTTP RESPONSE 200 {"date":"Mon, 27 Sep 2021 11:06:00 GMT","expires":"Mon, 01 Jan 1990 00:00:00 GMT","cache-control":"no-cache, no-store, max-age=0, must-revalidate","pragma":"no-cache","content-type":"application/json; charset=utf-8","vary":"X-Origin, Referer, Origin,Accept-Encoding","server":"scaffolding on HTTPServer2","x-xss-protection":"0","x-frame-options":"SAMEORIGIN","x-content-type-options":"nosniff","alt-svc":"h3=\":443\"; ma=2592000,h3-29=\":443\"; ma=2592000,h3-T051=\":443\"; ma=2592000,h3-Q050=\":443\"; ma=2592000,h3-Q046=\":443\"; ma=2592000,h3-Q043=\":443\"; ma=2592000,quic=\":443\"; ma=2592000; v=\"46,43\"","accept-ranges":"none","transfer-encoding":"chunked"}
[debug] [2021-09-27T11:06:00.972Z] >>> [apiv2][query] GET https://firebase.googleapis.com/v1beta1/operations/workflows/MGU2NTM0NzEtNjUxMC00ZTY5LWFjZmMtYTVlYjI0OTY1NWNj [none]
[debug] [2021-09-27T11:06:02.210Z] <<< [apiv2][status] GET https://firebase.googleapis.com/v1beta1/operations/workflows/MGU2NTM0NzEtNjUxMC00ZTY5LWFjZmMtYTVlYjI0OTY1NWNj 200
[debug] [2021-09-27T11:06:02.210Z] <<< [apiv2][body] GET https://firebase.googleapis.com/v1beta1/operations/workflows/MGU2NTM0NzEtNjUxMC00ZTY5LWFjZmMtYTVlYjI0OTY1NWNj {"name":"operations/workflows/MGU2NTM0NzEtNjUxMC00ZTY5LWFjZmMtYTVlYjI0OTY1NWNj"}
[debug] [2021-09-27T11:06:02.710Z] [Add Firebase Poller] Retrying task index 0
[debug] [2021-09-27T11:06:02.710Z] >>> [apiv2][query] GET https://firebase.googleapis.com/v1beta1/operations/workflows/MGU2NTM0NzEtNjUxMC00ZTY5LWFjZmMtYTVlYjI0OTY1NWNj [none]
[debug] [2021-09-27T11:06:06.783Z] ----------------------------------------------------------------------
[debug] [2021-09-27T11:06:06.785Z] Command:       /home/dell/.nvm/versions/node/v12.22.6/bin/node /home/dell/.nvm/versions/node/v12.22.6/bin/firebase init hosting
[debug] [2021-09-27T11:06:06.785Z] CLI Version:   9.18.0
[debug] [2021-09-27T11:06:06.785Z] Platform:      linux
[debug] [2021-09-27T11:06:06.785Z] Node Version:  v12.22.6
[debug] [2021-09-27T11:06:06.785Z] Time:          Mon Sep 27 2021 16:36:06 GMT+0530 (India Standard Time)
[debug] [2021-09-27T11:06:06.786Z] ----------------------------------------------------------------------
[debug] 
[debug] [2021-09-27T11:06:06.791Z] > command requires scopes: ["email","openid","https://www.googleapis.com/auth/cloudplatformprojects.readonly","https://www.googleapis.com/auth/firebase","https://www.googleapis.com/auth/cloud-platform"]
[debug] [2021-09-27T11:06:06.791Z] > authorizing via signed-in user (saurabhlohiya1234@gmail.com)
[info] 
     ######## #### ########  ######## ########     ###     ######  ########
     ##        ##  ##     ## ##       ##     ##  ##   ##  ##       ##
     ######    ##  ########  ######   ########  #########  ######  ######
     ##        ##  ##    ##  ##       ##     ## ##     ##       ## ##
     ##       #### ##     ## ######## ########  ##     ##  ######  ########

You're about to initialize a Firebase project in this directory:

  /home/dell/Desktop/main/growisto/server-side-rendering

[info] 
=== Project Setup
[info] 
[info] First, let's associate this project directory with a Firebase project.
[info] You can create multiple project aliases by running firebase use --add, 
[info] but for now we'll just set up a default project.
[info] 
[info] i  If you want to create a project in a Google Cloud organization or folder, please use "firebase projects:create" instead, and return to this command when you've created the project. 
[debug] [2021-09-27T11:06:18.196Z] > refreshing access token with scopes: ["email","https://www.googleapis.com/auth/cloud-platform","https://www.googleapis.com/auth/cloudplatformprojects.readonly","https://www.googleapis.com/auth/firebase","openid"]
[debug] [2021-09-27T11:06:18.196Z] >>> HTTP REQUEST POST https://www.googleapis.com/oauth2/v3/token  
 <request body omitted>
[debug] [2021-09-27T11:06:18.749Z] <<< HTTP RESPONSE 200 {"expires":"Mon, 01 Jan 1990 00:00:00 GMT","pragma":"no-cache","cache-control":"no-cache, no-store, max-age=0, must-revalidate","date":"Mon, 27 Sep 2021 11:06:18 GMT","content-type":"application/json; charset=utf-8","vary":"X-Origin, Referer, Origin,Accept-Encoding","server":"scaffolding on HTTPServer2","x-xss-protection":"0","x-frame-options":"SAMEORIGIN","x-content-type-options":"nosniff","alt-svc":"h3=\":443\"; ma=2592000,h3-29=\":443\"; ma=2592000,h3-T051=\":443\"; ma=2592000,h3-Q050=\":443\"; ma=2592000,h3-Q046=\":443\"; ma=2592000,h3-Q043=\":443\"; ma=2592000,quic=\":443\"; ma=2592000; v=\"46,43\"","accept-ranges":"none","transfer-encoding":"chunked"}
[debug] [2021-09-27T11:06:18.759Z] >>> HTTP REQUEST POST https://cloudresourcemanager.googleapis.com/v1/projects  
 {"projectId":"ssr-rendering","name":"ssr-rendering"}
[debug] [2021-09-27T11:06:20.715Z] <<< HTTP RESPONSE 409 {"vary":"X-Origin, Referer, Origin,Accept-Encoding","content-type":"application/json; charset=UTF-8","date":"Mon, 27 Sep 2021 11:06:20 GMT","server":"ESF","cache-control":"private","x-xss-protection":"0","x-frame-options":"SAMEORIGIN","x-content-type-options":"nosniff","server-timing":"gfet4t7; dur=1371","alt-svc":"h3=\":443\"; ma=2592000,h3-29=\":443\"; ma=2592000,h3-T051=\":443\"; ma=2592000,h3-Q050=\":443\"; ma=2592000,h3-Q046=\":443\"; ma=2592000,h3-Q043=\":443\"; ma=2592000,quic=\":443\"; ma=2592000; v=\"46,43\"","accept-ranges":"none","transfer-encoding":"chunked"}
[debug] [2021-09-27T11:06:20.715Z] <<< HTTP RESPONSE BODY {"error":{"code":409,"message":"Requested entity already exists","status":"ALREADY_EXISTS"}}
[debug] [2021-09-27T11:06:21.126Z] FirebaseError: HTTP Error: 409, Requested entity already exists
    at module.exports (/home/dell/.nvm/versions/node/v12.22.6/lib/node_modules/firebase-tools/lib/responseToError.js:38:12)
    at Request._callback (/home/dell/.nvm/versions/node/v12.22.6/lib/node_modules/firebase-tools/lib/api.js:41:35)
    at Request.self.callback (/home/dell/.nvm/versions/node/v12.22.6/lib/node_modules/firebase-tools/node_modules/request/request.js:185:22)
    at Request.emit (events.js:314:20)
    at Request.EventEmitter.emit (domain.js:483:12)
    at Request.<anonymous> (/home/dell/.nvm/versions/node/v12.22.6/lib/node_modules/firebase-tools/node_modules/request/request.js:1154:10)
    at Request.emit (events.js:314:20)
    at Request.EventEmitter.emit (domain.js:483:12)
    at IncomingMessage.<anonymous> (/home/dell/.nvm/versions/node/v12.22.6/lib/node_modules/firebase-tools/node_modules/request/request.js:1076:12)
    at Object.onceWrapper (events.js:420:28)
    at IncomingMessage.emit (events.js:326:22)
    at IncomingMessage.EventEmitter.emit (domain.js:483:12)
    at endReadableNT (_stream_readable.js:1241:12)
    at processTicksAndRejections (internal/process/task_queues.js:84:21)
[error] 
[error] Error: Failed to create project because there is already a project with ID ssr-rendering. Please try again with a unique project ID.
[debug] [2021-09-27T11:06:28.723Z] ----------------------------------------------------------------------
[debug] [2021-09-27T11:06:28.725Z] Command:       /home/dell/.nvm/versions/node/v12.22.6/bin/node /home/dell/.nvm/versions/node/v12.22.6/bin/firebase init hosting
[debug] [2021-09-27T11:06:28.726Z] CLI Version:   9.18.0
[debug] [2021-09-27T11:06:28.726Z] Platform:      linux
[debug] [2021-09-27T11:06:28.726Z] Node Version:  v12.22.6
[debug] [2021-09-27T11:06:28.726Z] Time:          Mon Sep 27 2021 16:36:28 GMT+0530 (India Standard Time)
[debug] [2021-09-27T11:06:28.726Z] ----------------------------------------------------------------------
[debug] 
[debug] [2021-09-27T11:06:28.731Z] > command requires scopes: ["email","openid","https://www.googleapis.com/auth/cloudplatformprojects.readonly","https://www.googleapis.com/auth/firebase","https://www.googleapis.com/auth/cloud-platform"]
[debug] [2021-09-27T11:06:28.731Z] > authorizing via signed-in user (saurabhlohiya1234@gmail.com)
[info] 
     ######## #### ########  ######## ########     ###     ######  ########
     ##        ##  ##     ## ##       ##     ##  ##   ##  ##       ##
     ######    ##  ########  ######   ########  #########  ######  ######
     ##        ##  ##    ##  ##       ##     ## ##     ##       ## ##
     ##       #### ##     ## ######## ########  ##     ##  ######  ########

You're about to initialize a Firebase project in this directory:

  /home/dell/Desktop/main/growisto/server-side-rendering

[info] 
=== Project Setup
[info] 
[info] First, let's associate this project directory with a Firebase project.
[info] You can create multiple project aliases by running firebase use --add, 
[info] but for now we'll just set up a default project.
[info] 
[info] i  If you want to create a project in a Google Cloud organization or folder, please use "firebase projects:create" instead, and return to this command when you've created the project. 
[debug] [2021-09-27T11:06:40.105Z] >>> HTTP REQUEST POST https://cloudresourcemanager.googleapis.com/v1/projects  
 {"projectId":"ssr-rendering-9075","name":"ssr-rendering-9075"}
[debug] [2021-09-27T11:06:42.554Z] <<< HTTP RESPONSE 200 {"content-type":"application/json; charset=UTF-8","vary":"X-Origin, Referer, Origin,Accept-Encoding","date":"Mon, 27 Sep 2021 11:06:42 GMT","server":"ESF","cache-control":"private","x-xss-protection":"0","x-frame-options":"SAMEORIGIN","x-content-type-options":"nosniff","server-timing":"gfet4t7; dur=1688","alt-svc":"h3=\":443\"; ma=2592000,h3-29=\":443\"; ma=2592000,h3-T051=\":443\"; ma=2592000,h3-Q050=\":443\"; ma=2592000,h3-Q046=\":443\"; ma=2592000,h3-Q043=\":443\"; ma=2592000,quic=\":443\"; ma=2592000; v=\"46,43\"","accept-ranges":"none","transfer-encoding":"chunked"}
[debug] [2021-09-27T11:06:42.557Z] > refreshing access token with scopes: []
[debug] [2021-09-27T11:06:42.557Z] >>> HTTP REQUEST POST https://www.googleapis.com/oauth2/v3/token  
 <request body omitted>
[debug] [2021-09-27T11:06:43.037Z] <<< HTTP RESPONSE 200 {"expires":"Mon, 01 Jan 1990 00:00:00 GMT","pragma":"no-cache","cache-control":"no-cache, no-store, max-age=0, must-revalidate","date":"Mon, 27 Sep 2021 11:06:43 GMT","content-type":"application/json; charset=utf-8","vary":"X-Origin, Referer, Origin,Accept-Encoding","server":"scaffolding on HTTPServer2","x-xss-protection":"0","x-frame-options":"SAMEORIGIN","x-content-type-options":"nosniff","alt-svc":"h3=\":443\"; ma=2592000,h3-29=\":443\"; ma=2592000,h3-T051=\":443\"; ma=2592000,h3-Q050=\":443\"; ma=2592000,h3-Q046=\":443\"; ma=2592000,h3-Q043=\":443\"; ma=2592000,quic=\":443\"; ma=2592000; v=\"46,43\"","accept-ranges":"none","transfer-encoding":"chunked"}
[debug] [2021-09-27T11:06:43.047Z] >>> [apiv2][query] GET https://cloudresourcemanager.googleapis.com/v1/operations/cp.4954474010117528987 [none]
[debug] [2021-09-27T11:06:45.013Z] <<< [apiv2][status] GET https://cloudresourcemanager.googleapis.com/v1/operations/cp.4954474010117528987 200
[debug] [2021-09-27T11:06:45.013Z] <<< [apiv2][body] GET https://cloudresourcemanager.googleapis.com/v1/operations/cp.4954474010117528987 {"name":"operations/cp.4954474010117528987","metadata":{"@type":"type.googleapis.com/google.cloudresourcemanager.v1.ProjectCreationStatus","gettable":true}}
[debug] [2021-09-27T11:06:45.513Z] [Project Creation Poller] Retrying task index 0
[debug] [2021-09-27T11:06:45.513Z] >>> [apiv2][query] GET https://cloudresourcemanager.googleapis.com/v1/operations/cp.4954474010117528987 [none]
[debug] [2021-09-27T11:06:47.480Z] <<< [apiv2][status] GET https://cloudresourcemanager.googleapis.com/v1/operations/cp.4954474010117528987 200
[debug] [2021-09-27T11:06:47.480Z] <<< [apiv2][body] GET https://cloudresourcemanager.googleapis.com/v1/operations/cp.4954474010117528987 {"name":"operations/cp.4954474010117528987","metadata":{"@type":"type.googleapis.com/google.cloudresourcemanager.v1.ProjectCreationStatus","gettable":true,"ready":true},"done":true,"response":{"@type":"type.googleapis.com/google.cloudresourcemanager.v1.Project","projectNumber":"769736054894","projectId":"ssr-rendering-9075","lifecycleState":"ACTIVE","name":"ssr-rendering-9075","createTime":"2021-09-27T11:06:41.793Z"}}
[debug] [2021-09-27T11:06:47.482Z] > refreshing access token with scopes: ["email","https://www.googleapis.com/auth/cloud-platform","https://www.googleapis.com/auth/cloudplatformprojects.readonly","https://www.googleapis.com/auth/firebase","openid"]
[debug] [2021-09-27T11:06:47.483Z] >>> HTTP REQUEST POST https://www.googleapis.com/oauth2/v3/token  
 <request body omitted>
[debug] [2021-09-27T11:06:47.873Z] <<< HTTP RESPONSE 200 {"date":"Mon, 27 Sep 2021 11:06:47 GMT","pragma":"no-cache","cache-control":"no-cache, no-store, max-age=0, must-revalidate","expires":"Mon, 01 Jan 1990 00:00:00 GMT","content-type":"application/json; charset=utf-8","vary":"X-Origin, Referer, Origin,Accept-Encoding","server":"scaffolding on HTTPServer2","x-xss-protection":"0","x-frame-options":"SAMEORIGIN","x-content-type-options":"nosniff","alt-svc":"h3=\":443\"; ma=2592000,h3-29=\":443\"; ma=2592000,h3-T051=\":443\"; ma=2592000,h3-Q050=\":443\"; ma=2592000,h3-Q046=\":443\"; ma=2592000,h3-Q043=\":443\"; ma=2592000,quic=\":443\"; ma=2592000; v=\"46,43\"","accept-ranges":"none","transfer-encoding":"chunked"}
[debug] [2021-09-27T11:06:47.883Z] >>> HTTP REQUEST POST https://firebase.googleapis.com/v1beta1/projects/ssr-rendering-9075:addFirebase  
 
[debug] [2021-09-27T11:06:51.766Z] <<< HTTP RESPONSE 200 {"content-type":"application/json; charset=UTF-8","vary":"X-Origin, Referer, Origin,Accept-Encoding","date":"Mon, 27 Sep 2021 11:06:51 GMT","server":"ESF","cache-control":"private","x-xss-protection":"0","x-frame-options":"SAMEORIGIN","x-content-type-options":"nosniff","alt-svc":"h3=\":443\"; ma=2592000,h3-29=\":443\"; ma=2592000,h3-T051=\":443\"; ma=2592000,h3-Q050=\":443\"; ma=2592000,h3-Q046=\":443\"; ma=2592000,h3-Q043=\":443\"; ma=2592000,quic=\":443\"; ma=2592000; v=\"46,43\"","accept-ranges":"none","transfer-encoding":"chunked"}
[debug] [2021-09-27T11:06:51.766Z] > refreshing access token with scopes: []
[debug] [2021-09-27T11:06:51.766Z] >>> HTTP REQUEST POST https://www.googleapis.com/oauth2/v3/token  
 <request body omitted>
[debug] [2021-09-27T11:06:52.163Z] <<< HTTP RESPONSE 200 {"date":"Mon, 27 Sep 2021 11:06:52 GMT","cache-control":"no-cache, no-store, max-age=0, must-revalidate","expires":"Mon, 01 Jan 1990 00:00:00 GMT","pragma":"no-cache","content-type":"application/json; charset=utf-8","vary":"X-Origin, Referer, Origin,Accept-Encoding","server":"scaffolding on HTTPServer2","x-xss-protection":"0","x-frame-options":"SAMEORIGIN","x-content-type-options":"nosniff","alt-svc":"h3=\":443\"; ma=2592000,h3-29=\":443\"; ma=2592000,h3-T051=\":443\"; ma=2592000,h3-Q050=\":443\"; ma=2592000,h3-Q046=\":443\"; ma=2592000,h3-Q043=\":443\"; ma=2592000,quic=\":443\"; ma=2592000; v=\"46,43\"","accept-ranges":"none","transfer-encoding":"chunked"}
[debug] [2021-09-27T11:06:52.174Z] >>> [apiv2][query] GET https://firebase.googleapis.com/v1beta1/operations/workflows/NGU1NzliNDQtMjllZC00NGQwLWJhYmQtOTdmN2ZkOTE3YTBi [none]
[debug] [2021-09-27T11:06:54.020Z] <<< [apiv2][status] GET https://firebase.googleapis.com/v1beta1/operations/workflows/NGU1NzliNDQtMjllZC00NGQwLWJhYmQtOTdmN2ZkOTE3YTBi 200
[debug] [2021-09-27T11:06:54.020Z] <<< [apiv2][body] GET https://firebase.googleapis.com/v1beta1/operations/workflows/NGU1NzliNDQtMjllZC00NGQwLWJhYmQtOTdmN2ZkOTE3YTBi {"name":"operations/workflows/NGU1NzliNDQtMjllZC00NGQwLWJhYmQtOTdmN2ZkOTE3YTBi"}
[debug] [2021-09-27T11:06:54.520Z] [Add Firebase Poller] Retrying task index 0
[debug] [2021-09-27T11:06:54.520Z] >>> [apiv2][query] GET https://firebase.googleapis.com/v1beta1/operations/workflows/NGU1NzliNDQtMjllZC00NGQwLWJhYmQtOTdmN2ZkOTE3YTBi [none]
[debug] [2021-09-27T11:06:55.640Z] <<< [apiv2][status] GET https://firebase.googleapis.com/v1beta1/operations/workflows/NGU1NzliNDQtMjllZC00NGQwLWJhYmQtOTdmN2ZkOTE3YTBi 200
[debug] [2021-09-27T11:06:55.640Z] <<< [apiv2][body] GET https://firebase.googleapis.com/v1beta1/operations/workflows/NGU1NzliNDQtMjllZC00NGQwLWJhYmQtOTdmN2ZkOTE3YTBi {"name":"operations/workflows/NGU1NzliNDQtMjllZC00NGQwLWJhYmQtOTdmN2ZkOTE3YTBi"}
[debug] [2021-09-27T11:06:56.640Z] [Add Firebase Poller] Retrying task index 0
[debug] [2021-09-27T11:06:56.640Z] >>> [apiv2][query] GET https://firebase.googleapis.com/v1beta1/operations/workflows/NGU1NzliNDQtMjllZC00NGQwLWJhYmQtOTdmN2ZkOTE3YTBi [none]
[debug] [2021-09-27T11:06:58.525Z] <<< [apiv2][status] GET https://firebase.googleapis.com/v1beta1/operations/workflows/NGU1NzliNDQtMjllZC00NGQwLWJhYmQtOTdmN2ZkOTE3YTBi 200
[debug] [2021-09-27T11:06:58.525Z] <<< [apiv2][body] GET https://firebase.googleapis.com/v1beta1/operations/workflows/NGU1NzliNDQtMjllZC00NGQwLWJhYmQtOTdmN2ZkOTE3YTBi {"name":"operations/workflows/NGU1NzliNDQtMjllZC00NGQwLWJhYmQtOTdmN2ZkOTE3YTBi"}
[debug] [2021-09-27T11:07:00.525Z] [Add Firebase Poller] Retrying task index 0
[debug] [2021-09-27T11:07:00.525Z] >>> [apiv2][query] GET https://firebase.googleapis.com/v1beta1/operations/workflows/NGU1NzliNDQtMjllZC00NGQwLWJhYmQtOTdmN2ZkOTE3YTBi [none]
[debug] [2021-09-27T11:07:02.211Z] <<< [apiv2][status] GET https://firebase.googleapis.com/v1beta1/operations/workflows/NGU1NzliNDQtMjllZC00NGQwLWJhYmQtOTdmN2ZkOTE3YTBi 200
[debug] [2021-09-27T11:07:02.211Z] <<< [apiv2][body] GET https://firebase.googleapis.com/v1beta1/operations/workflows/NGU1NzliNDQtMjllZC00NGQwLWJhYmQtOTdmN2ZkOTE3YTBi {"name":"operations/workflows/NGU1NzliNDQtMjllZC00NGQwLWJhYmQtOTdmN2ZkOTE3YTBi","done":true,"response":{"@type":"type.googleapis.com/google.firebase.service.v1beta1.FirebaseProject","projectId":"ssr-rendering-9075","projectNumber":"769736054894","displayName":"ssr-rendering-9075","name":"projects/ssr-rendering-9075","resources":{"hostingSite":"ssr-rendering-9075"}}}
[info] 
[info] 🎉🎉🎉 Your Firebase project is ready! 🎉🎉🎉
[info] 
[info] Project information:
[info]    - Project ID: ssr-rendering-9075
[info]    - Project Name: ssr-rendering-9075
[info] 
[info] Firebase console is available at
[info] https://console.firebase.google.com/project/ssr-rendering-9075/overview
[info] i  Using project ssr-rendering-9075 (ssr-rendering-9075) 
[info] 
=== Hosting Setup
[info] 
[info] Your public directory is the folder (relative to your project directory) that
[info] will contain Hosting assets to be uploaded with firebase deploy. If you
[info] have a build process for your assets, use your build's output directory.
[info] 
[debug] [2021-09-27T11:07:20.589Z] >>> [apiv2][query] GET https://www.gstatic.com/firebasejs/releases.json [none]
[debug] [2021-09-27T11:07:21.186Z] <<< [apiv2][status] GET https://www.gstatic.com/firebasejs/releases.json 200
[debug] [2021-09-27T11:07:21.186Z] <<< [apiv2][body] GET https://www.gstatic.com/firebasejs/releases.json {"current":{"version":"9.1.0","browserURL":"https://www.gstatic.com/firebasejs/9.1.0/firebase.js","packageURL":"https://www.gstatic.com/firebasejs/9.1.0/firebase.tgz"},"live":{"version":"9.1","browserURL":"https://www.gstatic.com/firebasejs/live/9.1/firebase.js","packageURL":"https://www.gstatic.com/firebasejs/live/9.1/firebase.tgz"},"components":{"analytics":"https://www.gstatic.com/firebasejs/9.1.0/firebase-analytics.js","app":"https://www.gstatic.com/firebasejs/9.1.0/firebase-app.js","app-check":"https://www.gstatic.com/firebasejs/9.1.0/firebase-app-check.js","auth":"https://www.gstatic.com/firebasejs/9.1.0/firebase-auth.js","auth/cordova":"https://www.gstatic.com/firebasejs/9.1.0/firebase-auth/cordova.js","auth/react-native":"https://www.gstatic.com/firebasejs/9.1.0/firebase-auth/react-native.js","functions":"https://www.gstatic.com/firebasejs/9.1.0/firebase-functions.js","firestore":"https://www.gstatic.com/firebasejs/9.1.0/firebase-firestore.js","firestore/lite":"https://www.gstatic.com/firebasejs/9.1.0/firebase-firestore/lite.js","storage":"https://www.gstatic.com/firebasejs/9.1.0/firebase-storage.js","performance":"https://www.gstatic.com/firebasejs/9.1.0/firebase-performance.js","remote-config":"https://www.gstatic.com/firebasejs/9.1.0/firebase-remote-config.js","messaging":"https://www.gstatic.com/firebasejs/9.1.0/firebase-messaging.js","messaging/sw":"https://www.gstatic.com/firebasejs/9.1.0/firebase-messaging/sw.js","database":"https://www.gstatic.com/firebasejs/9.1.0/firebase-database.js","firestore.memory":"https://www.gstatic.com/firebasejs/9.1.0/firebase-firestore.memory.js"}}
[info] i  Skipping write of public/index.html 
[info] 
[info] i  Detected a .git folder at /home/dell/Desktop/main/growisto/server-side-rendering 
[info] i  Authorizing with GitHub to upload your service account to a GitHub repository's secrets store. 
[info] 
[info] Visit this URL on this device to log in:
[info] https://github.com/login/oauth/authorize?client_id=89cf50f02ac6aaed3484&state=50191937&redirect_uri=http%3A%2F%2Flocalhost%3A9005&scope=read%3Auser%20repo%20public_repo
[info] 
[info] Waiting for authentication...
[debug] [2021-09-27T11:07:40.601Z] >>> HTTP REQUEST POST https://github.com/login/oauth/access_token  
 {"client_id":"89cf50f02ac6aaed3484","client_secret":"3330d14abc895d9a74d5f17cd7a00711fa2c5bf0","code":"ee22bd625eb82a87c733","redirect_uri":"http://localhost:9005","state":"50191937"}
[debug] [2021-09-27T11:07:41.221Z] <<< HTTP RESPONSE 200 {"server":"GitHub.com","date":"Mon, 27 Sep 2021 11:07:41 GMT","content-type":"application/json; charset=utf-8","transfer-encoding":"chunked","vary":"X-PJAX, X-PJAX-Container, Accept-Encoding, Accept, X-Requested-With","permissions-policy":"interest-cohort=()","etag":"W/\"0d2ae92ce8750d065c0a248d5dcf6689\"","cache-control":"max-age=0, private, must-revalidate","strict-transport-security":"max-age=31536000; includeSubdomains; preload","x-frame-options":"deny","x-content-type-options":"nosniff","x-xss-protection":"0","referrer-policy":"origin-when-cross-origin, strict-origin-when-cross-origin","expect-ct":"max-age=2592000, report-uri=\"https://api.github.com/_private/browser/errors\"","content-security-policy":"default-src 'none'; base-uri 'self'; block-all-mixed-content; child-src github.githubassets.com; connect-src 'self' uploads.github.com www.githubstatus.com collector.githubapp.com api.github.com github-cloud.s3.amazonaws.com github-production-repository-file-5c1aeb.s3.amazonaws.com github-production-upload-manifest-file-7fdce7.s3.amazonaws.com github-production-user-asset-6210df.s3.amazonaws.com cdn.optimizely.com logx.optimizely.com/v1/events translator.github.com wss://alive.github.com; font-src github.githubassets.com; form-action 'self' github.com gist.github.com; frame-ancestors 'none'; frame-src render.githubusercontent.com viewscreen.githubusercontent.com; img-src 'self' data: github.githubassets.com identicons.github.com collector.githubapp.com github-cloud.s3.amazonaws.com secured-user-images.githubusercontent.com/ *.githubusercontent.com; manifest-src 'self'; media-src github.com user-images.githubusercontent.com/; script-src github.githubassets.com; style-src 'unsafe-inline' github.githubassets.com; worker-src github.githubassets.com github.com/socket-worker-0af8a29d.js gist.github.com/socket-worker-0af8a29d.js","x-github-request-id":"9CAA:0EF6:2E6377:3430BA:6151A5FC"}
[debug] [2021-09-27T11:07:41.228Z] >>> [apiv2][query] GET https://api.github.com/user [none]
[debug] [2021-09-27T11:07:41.808Z] <<< [apiv2][status] GET https://api.github.com/user 200
[debug] [2021-09-27T11:07:41.808Z] <<< [apiv2][body] GET https://api.github.com/user {"login":"saurabh-lohiya","id":32337201,"node_id":"MDQ6VXNlcjMyMzM3MjAx","avatar_url":"https://avatars.githubusercontent.com/u/32337201?v=4","gravatar_id":"","url":"https://api.github.com/users/saurabh-lohiya","html_url":"https://github.com/saurabh-lohiya","followers_url":"https://api.github.com/users/saurabh-lohiya/followers","following_url":"https://api.github.com/users/saurabh-lohiya/following{/other_user}","gists_url":"https://api.github.com/users/saurabh-lohiya/gists{/gist_id}","starred_url":"https://api.github.com/users/saurabh-lohiya/starred{/owner}{/repo}","subscriptions_url":"https://api.github.com/users/saurabh-lohiya/subscriptions","organizations_url":"https://api.github.com/users/saurabh-lohiya/orgs","repos_url":"https://api.github.com/users/saurabh-lohiya/repos","events_url":"https://api.github.com/users/saurabh-lohiya/events{/privacy}","received_events_url":"https://api.github.com/users/saurabh-lohiya/received_events","type":"User","site_admin":false,"name":"Saurabh Lohiya","company":"Growisto","blog":"","location":"Mumbai","email":"saurabhlohiya1234@gmail.com","hireable":true,"bio":"Software Developer at Growisto","twitter_username":null,"public_repos":36,"public_gists":1,"followers":1,"following":6,"created_at":"2017-09-27T16:10:17Z","updated_at":"2021-09-23T06:51:37Z","private_gists":0,"total_private_repos":4,"owned_private_repos":4,"disk_usage":28912,"collaborators":3,"two_factor_authentication":false,"plan":{"name":"free","space":976562499,"collaborators":0,"private_repos":10000}}
[info] 
[info] ✔  Success! Logged into GitHub as saurabh-lohiya 
[info] 
